{"C:\\Users\\User\\file\\wasteless\\server\\services\\app\\app.js": {"path":"C:\\Users\\User\\file\\wasteless\\server\\services\\app\\app.js","statementMap":{"0":{"start":{"line":1,"column":16},"end":{"line":1,"column":34}},"1":{"start":{"line":2,"column":12},"end":{"line":2,"column":21}},"2":{"start":{"line":3,"column":15},"end":{"line":3,"column":34}},"3":{"start":{"line":4,"column":13},"end":{"line":4,"column":28}},"4":{"start":{"line":6,"column":0},"end":{"line":6,"column":16}},"5":{"start":{"line":7,"column":0},"end":{"line":7,"column":24}},"6":{"start":{"line":8,"column":0},"end":{"line":8,"column":48}},"7":{"start":{"line":9,"column":0},"end":{"line":9,"column":21}},"8":{"start":{"line":11,"column":0},"end":{"line":11,"column":21}}},"fnMap":{},"branchMap":{},"s":{"0":4,"1":4,"2":4,"3":4,"4":4,"5":4,"6":4,"7":4,"8":4},"f":{},"b":{},"_coverageSchema":"1a1c01bbd47fc00a2c39e90264f33305004495a9","hash":"bcae28cbe3bb97fa0666addb224ccb641bbedf1b"}
,"C:\\Users\\User\\file\\wasteless\\server\\services\\app\\controllers\\appointmentController.js": {"path":"C:\\Users\\User\\file\\wasteless\\server\\services\\app\\controllers\\appointmentController.js","statementMap":{"0":{"start":{"line":1,"column":20},"end":{"line":1,"column":52}},"1":{"start":{"line":2,"column":13},"end":{"line":2,"column":38}},"2":{"start":{"line":3,"column":18},"end":{"line":3,"column":50}},"3":{"start":{"line":4,"column":21},"end":{"line":4,"column":39}},"4":{"start":{"line":8,"column":21},"end":{"line":8,"column":31}},"5":{"start":{"line":9,"column":55},"end":{"line":9,"column":63}},"6":{"start":{"line":11,"column":2},"end":{"line":11,"column":21}},"7":{"start":{"line":12,"column":2},"end":{"line":12,"column":34}},"8":{"start":{"line":14,"column":18},"end":{"line":14,"column":39}},"9":{"start":{"line":15,"column":18},"end":{"line":15,"column":38}},"10":{"start":{"line":17,"column":18},"end":{"line":21,"column":4}},"11":{"start":{"line":23,"column":2},"end":{"line":23,"column":23}},"12":{"start":{"line":25,"column":25},"end":{"line":33,"column":4}},"13":{"start":{"line":35,"column":2},"end":{"line":35,"column":29}},"14":{"start":{"line":37,"column":2},"end":{"line":37,"column":30}},"15":{"start":{"line":38,"column":24},"end":{"line":38,"column":59}},"16":{"start":{"line":39,"column":20},"end":{"line":39,"column":57}},"17":{"start":{"line":39,"column":50},"end":{"line":39,"column":56}},"18":{"start":{"line":41,"column":2},"end":{"line":41,"column":29}},"19":{"start":{"line":43,"column":2},"end":{"line":43,"column":73}},"20":{"start":{"line":46,"column":21},"end":{"line":46,"column":31}},"21":{"start":{"line":47,"column":25},"end":{"line":47,"column":70}},"22":{"start":{"line":48,"column":2},"end":{"line":48,"column":39}},"23":{"start":{"line":52,"column":0},"end":{"line":52,"column":39}}},"fnMap":{"0":{"name":"(anonymous_0)","decl":{"start":{"line":7,"column":1},"end":{"line":7,"column":2}},"loc":{"start":{"line":7,"column":31},"end":{"line":44,"column":2}},"line":7},"1":{"name":"(anonymous_1)","decl":{"start":{"line":39,"column":42},"end":{"line":39,"column":43}},"loc":{"start":{"line":39,"column":50},"end":{"line":39,"column":56}},"line":39},"2":{"name":"(anonymous_2)","decl":{"start":{"line":45,"column":1},"end":{"line":45,"column":2}},"loc":{"start":{"line":45,"column":28},"end":{"line":49,"column":2}},"line":45}},"branchMap":{},"s":{"0":4,"1":4,"2":4,"3":4,"4":4,"5":4,"6":4,"7":4,"8":4,"9":4,"10":4,"11":4,"12":4,"13":4,"14":4,"15":1,"16":1,"17":1,"18":1,"19":1,"20":2,"21":2,"22":1,"23":4},"f":{"0":4,"1":1,"2":2},"b":{},"_coverageSchema":"1a1c01bbd47fc00a2c39e90264f33305004495a9","hash":"c1335951df06aac645cfbc725c5918ec9bb1fece"}
,"C:\\Users\\User\\file\\wasteless\\server\\services\\app\\controllers\\categoryController.js": {"path":"C:\\Users\\User\\file\\wasteless\\server\\services\\app\\controllers\\categoryController.js","statementMap":{"0":{"start":{"line":1,"column":17},"end":{"line":1,"column":46}},"1":{"start":{"line":5,"column":23},"end":{"line":5,"column":33}},"2":{"start":{"line":6,"column":4},"end":{"line":16,"column":5}},"3":{"start":{"line":7,"column":22},"end":{"line":7,"column":24}},"4":{"start":{"line":11,"column":21},"end":{"line":11,"column":49}},"5":{"start":{"line":12,"column":6},"end":{"line":12,"column":25}},"6":{"start":{"line":13,"column":6},"end":{"line":13,"column":35}},"7":{"start":{"line":15,"column":6},"end":{"line":15,"column":42}},"8":{"start":{"line":19,"column":4},"end":{"line":33,"column":5}},"9":{"start":{"line":20,"column":30},"end":{"line":20,"column":38}},"10":{"start":{"line":21,"column":6},"end":{"line":23,"column":7}},"11":{"start":{"line":22,"column":8},"end":{"line":22,"column":66}},"12":{"start":{"line":24,"column":26},"end":{"line":27,"column":7}},"13":{"start":{"line":28,"column":6},"end":{"line":28,"column":41}},"14":{"start":{"line":30,"column":6},"end":{"line":30,"column":67}},"15":{"start":{"line":32,"column":6},"end":{"line":32,"column":42}},"16":{"start":{"line":36,"column":4},"end":{"line":45,"column":5}},"17":{"start":{"line":37,"column":21},"end":{"line":37,"column":31}},"18":{"start":{"line":38,"column":21},"end":{"line":38,"column":48}},"19":{"start":{"line":39,"column":6},"end":{"line":41,"column":7}},"20":{"start":{"line":40,"column":8},"end":{"line":40,"column":71}},"21":{"start":{"line":42,"column":6},"end":{"line":42,"column":35}},"22":{"start":{"line":44,"column":6},"end":{"line":44,"column":42}},"23":{"start":{"line":48,"column":4},"end":{"line":62,"column":5}},"24":{"start":{"line":49,"column":21},"end":{"line":49,"column":31}},"25":{"start":{"line":50,"column":30},"end":{"line":50,"column":38}},"26":{"start":{"line":51,"column":23},"end":{"line":51,"column":50}},"27":{"start":{"line":52,"column":26},"end":{"line":55,"column":7}},"28":{"start":{"line":56,"column":29},"end":{"line":58,"column":8}},"29":{"start":{"line":59,"column":6},"end":{"line":59,"column":58}},"30":{"start":{"line":61,"column":6},"end":{"line":61,"column":42}},"31":{"start":{"line":65,"column":4},"end":{"line":74,"column":5}},"32":{"start":{"line":66,"column":21},"end":{"line":66,"column":31}},"33":{"start":{"line":67,"column":23},"end":{"line":67,"column":50}},"34":{"start":{"line":68,"column":30},"end":{"line":70,"column":8}},"35":{"start":{"line":71,"column":6},"end":{"line":71,"column":58}},"36":{"start":{"line":73,"column":6},"end":{"line":73,"column":42}},"37":{"start":{"line":78,"column":0},"end":{"line":78,"column":36}}},"fnMap":{"0":{"name":"(anonymous_0)","decl":{"start":{"line":4,"column":2},"end":{"line":4,"column":3}},"loc":{"start":{"line":4,"column":41},"end":{"line":17,"column":3}},"line":4},"1":{"name":"(anonymous_1)","decl":{"start":{"line":18,"column":2},"end":{"line":18,"column":3}},"loc":{"start":{"line":18,"column":37},"end":{"line":34,"column":3}},"line":18},"2":{"name":"(anonymous_2)","decl":{"start":{"line":35,"column":2},"end":{"line":35,"column":3}},"loc":{"start":{"line":35,"column":41},"end":{"line":46,"column":3}},"line":35},"3":{"name":"(anonymous_3)","decl":{"start":{"line":47,"column":2},"end":{"line":47,"column":3}},"loc":{"start":{"line":47,"column":40},"end":{"line":63,"column":3}},"line":47},"4":{"name":"(anonymous_4)","decl":{"start":{"line":64,"column":2},"end":{"line":64,"column":3}},"loc":{"start":{"line":64,"column":40},"end":{"line":75,"column":3}},"line":64}},"branchMap":{"0":{"loc":{"start":{"line":21,"column":6},"end":{"line":23,"column":7}},"type":"if","locations":[{"start":{"line":21,"column":6},"end":{"line":23,"column":7}},{"start":{},"end":{}}],"line":21},"1":{"loc":{"start":{"line":21,"column":10},"end":{"line":21,"column":25}},"type":"binary-expr","locations":[{"start":{"line":21,"column":10},"end":{"line":21,"column":15}},{"start":{"line":21,"column":19},"end":{"line":21,"column":25}}],"line":21},"2":{"loc":{"start":{"line":39,"column":6},"end":{"line":41,"column":7}},"type":"if","locations":[{"start":{"line":39,"column":6},"end":{"line":41,"column":7}},{"start":{},"end":{}}],"line":39}},"s":{"0":4,"1":2,"2":2,"3":2,"4":2,"5":1,"6":1,"7":1,"8":4,"9":4,"10":4,"11":2,"12":2,"13":2,"14":1,"15":1,"16":3,"17":3,"18":3,"19":2,"20":1,"21":1,"22":1,"23":2,"24":2,"25":2,"26":2,"27":1,"28":1,"29":1,"30":1,"31":2,"32":2,"33":2,"34":2,"35":1,"36":1,"37":4},"f":{"0":2,"1":4,"2":3,"3":2,"4":2},"b":{"0":[2,2],"1":[4,3],"2":[1,1]},"_coverageSchema":"1a1c01bbd47fc00a2c39e90264f33305004495a9","hash":"c95f03dc144f004129c1005a0529a10605fc15f0"}
,"C:\\Users\\User\\file\\wasteless\\server\\services\\app\\controllers\\postController.js": {"path":"C:\\Users\\User\\file\\wasteless\\server\\services\\app\\controllers\\postController.js","statementMap":{"0":{"start":{"line":1,"column":21},"end":{"line":1,"column":39}},"1":{"start":{"line":2,"column":13},"end":{"line":2,"column":38}},"2":{"start":{"line":3,"column":17},"end":{"line":3,"column":43}},"3":{"start":{"line":6,"column":39},"end":{"line":6,"column":48}},"4":{"start":{"line":7,"column":18},"end":{"line":7,"column":20}},"5":{"start":{"line":8,"column":4},"end":{"line":36,"column":5}},"6":{"start":{"line":9,"column":6},"end":{"line":14,"column":7}},"7":{"start":{"line":10,"column":8},"end":{"line":13,"column":10}},"8":{"start":{"line":16,"column":6},"end":{"line":16,"column":29}},"9":{"start":{"line":18,"column":6},"end":{"line":18,"column":32}},"10":{"start":{"line":19,"column":19},"end":{"line":19,"column":43}},"11":{"start":{"line":21,"column":6},"end":{"line":29,"column":7}},"12":{"start":{"line":22,"column":8},"end":{"line":28,"column":10}},"13":{"start":{"line":24,"column":12},"end":{"line":27,"column":18}},"14":{"start":{"line":31,"column":6},"end":{"line":31,"column":26}},"15":{"start":{"line":33,"column":6},"end":{"line":33,"column":35}},"16":{"start":{"line":35,"column":6},"end":{"line":35,"column":42}},"17":{"start":{"line":39,"column":23},"end":{"line":39,"column":33}},"18":{"start":{"line":40,"column":4},"end":{"line":49,"column":5}},"19":{"start":{"line":41,"column":21},"end":{"line":41,"column":48}},"20":{"start":{"line":43,"column":6},"end":{"line":45,"column":7}},"21":{"start":{"line":44,"column":8},"end":{"line":44,"column":67}},"22":{"start":{"line":46,"column":6},"end":{"line":46,"column":35}},"23":{"start":{"line":48,"column":6},"end":{"line":48,"column":42}},"24":{"start":{"line":52,"column":4},"end":{"line":85,"column":5}},"25":{"start":{"line":63,"column":10},"end":{"line":63,"column":18}},"26":{"start":{"line":64,"column":6},"end":{"line":64,"column":28}},"27":{"start":{"line":65,"column":6},"end":{"line":67,"column":7}},"28":{"start":{"line":66,"column":8},"end":{"line":66,"column":66}},"29":{"start":{"line":69,"column":24},"end":{"line":79,"column":7}},"30":{"start":{"line":80,"column":21},"end":{"line":80,"column":49}},"31":{"start":{"line":81,"column":6},"end":{"line":81,"column":26}},"32":{"start":{"line":82,"column":6},"end":{"line":82,"column":63}},"33":{"start":{"line":84,"column":6},"end":{"line":84,"column":42}},"34":{"start":{"line":88,"column":4},"end":{"line":101,"column":5}},"35":{"start":{"line":89,"column":25},"end":{"line":89,"column":35}},"36":{"start":{"line":91,"column":19},"end":{"line":91,"column":46}},"37":{"start":{"line":92,"column":26},"end":{"line":94,"column":7}},"38":{"start":{"line":95,"column":25},"end":{"line":97,"column":8}},"39":{"start":{"line":98,"column":6},"end":{"line":98,"column":58}},"40":{"start":{"line":100,"column":6},"end":{"line":100,"column":42}},"41":{"start":{"line":104,"column":4},"end":{"line":113,"column":5}},"42":{"start":{"line":105,"column":25},"end":{"line":105,"column":35}},"43":{"start":{"line":106,"column":19},"end":{"line":106,"column":46}},"44":{"start":{"line":107,"column":26},"end":{"line":109,"column":8}},"45":{"start":{"line":110,"column":6},"end":{"line":110,"column":58}},"46":{"start":{"line":112,"column":6},"end":{"line":112,"column":42}},"47":{"start":{"line":117,"column":0},"end":{"line":117,"column":32}}},"fnMap":{"0":{"name":"(anonymous_0)","decl":{"start":{"line":5,"column":2},"end":{"line":5,"column":3}},"loc":{"start":{"line":5,"column":36},"end":{"line":37,"column":3}},"line":5},"1":{"name":"(anonymous_1)","decl":{"start":{"line":23,"column":10},"end":{"line":23,"column":11}},"loc":{"start":{"line":24,"column":12},"end":{"line":27,"column":18}},"line":24},"2":{"name":"(anonymous_2)","decl":{"start":{"line":38,"column":2},"end":{"line":38,"column":3}},"loc":{"start":{"line":38,"column":37},"end":{"line":50,"column":3}},"line":38},"3":{"name":"(anonymous_3)","decl":{"start":{"line":51,"column":2},"end":{"line":51,"column":3}},"loc":{"start":{"line":51,"column":36},"end":{"line":86,"column":3}},"line":51},"4":{"name":"(anonymous_4)","decl":{"start":{"line":87,"column":2},"end":{"line":87,"column":3}},"loc":{"start":{"line":87,"column":36},"end":{"line":102,"column":3}},"line":87},"5":{"name":"(anonymous_5)","decl":{"start":{"line":103,"column":2},"end":{"line":103,"column":3}},"loc":{"start":{"line":103,"column":36},"end":{"line":114,"column":3}},"line":103}},"branchMap":{"0":{"loc":{"start":{"line":9,"column":6},"end":{"line":14,"column":7}},"type":"if","locations":[{"start":{"line":9,"column":6},"end":{"line":14,"column":7}},{"start":{},"end":{}}],"line":9},"1":{"loc":{"start":{"line":21,"column":6},"end":{"line":29,"column":7}},"type":"if","locations":[{"start":{"line":21,"column":6},"end":{"line":29,"column":7}},{"start":{},"end":{}}],"line":21},"2":{"loc":{"start":{"line":21,"column":10},"end":{"line":21,"column":21}},"type":"binary-expr","locations":[{"start":{"line":21,"column":10},"end":{"line":21,"column":13}},{"start":{"line":21,"column":17},"end":{"line":21,"column":21}}],"line":21},"3":{"loc":{"start":{"line":43,"column":6},"end":{"line":45,"column":7}},"type":"if","locations":[{"start":{"line":43,"column":6},"end":{"line":45,"column":7}},{"start":{},"end":{}}],"line":43},"4":{"loc":{"start":{"line":65,"column":6},"end":{"line":67,"column":7}},"type":"if","locations":[{"start":{"line":65,"column":6},"end":{"line":67,"column":7}},{"start":{},"end":{}}],"line":65},"5":{"loc":{"start":{"line":65,"column":10},"end":{"line":65,"column":70}},"type":"binary-expr","locations":[{"start":{"line":65,"column":10},"end":{"line":65,"column":16}},{"start":{"line":65,"column":20},"end":{"line":65,"column":30}},{"start":{"line":65,"column":34},"end":{"line":65,"column":46}},{"start":{"line":65,"column":50},"end":{"line":65,"column":59}},{"start":{"line":65,"column":63},"end":{"line":65,"column":70}}],"line":65}},"s":{"0":4,"1":4,"2":4,"3":2,"4":2,"5":2,"6":2,"7":0,"8":2,"9":2,"10":2,"11":1,"12":0,"13":0,"14":1,"15":1,"16":1,"17":3,"18":3,"19":3,"20":2,"21":1,"22":1,"23":1,"24":7,"25":7,"26":7,"27":7,"28":5,"29":2,"30":2,"31":1,"32":1,"33":1,"34":2,"35":2,"36":2,"37":1,"38":1,"39":1,"40":1,"41":2,"42":2,"43":2,"44":2,"45":1,"46":1,"47":4},"f":{"0":2,"1":0,"2":3,"3":7,"4":2,"5":2},"b":{"0":[0,2],"1":[0,1],"2":[1,1],"3":[1,1],"4":[5,2],"5":[7,6,5,4,3]},"_coverageSchema":"1a1c01bbd47fc00a2c39e90264f33305004495a9","hash":"e5be2de516301b891128b130bede0766c0ebaa98"}
,"C:\\Users\\User\\file\\wasteless\\server\\services\\app\\controllers\\search.js": {"path":"C:\\Users\\User\\file\\wasteless\\server\\services\\app\\controllers\\search.js","statementMap":{"0":{"start":{"line":1,"column":13},"end":{"line":1,"column":38}},"1":{"start":{"line":5,"column":4},"end":{"line":35,"column":5}},"2":{"start":{"line":6,"column":21},"end":{"line":6,"column":43}},"3":{"start":{"line":7,"column":17},"end":{"line":7,"column":31}},"4":{"start":{"line":8,"column":21},"end":{"line":8,"column":53}},"5":{"start":{"line":10,"column":30},"end":{"line":10,"column":66}},"6":{"start":{"line":24,"column":23},"end":{"line":29,"column":35}},"7":{"start":{"line":31,"column":6},"end":{"line":31,"column":37}},"8":{"start":{"line":33,"column":6},"end":{"line":33,"column":38}},"9":{"start":{"line":34,"column":6},"end":{"line":34,"column":42}},"10":{"start":{"line":39,"column":0},"end":{"line":39,"column":34}}},"fnMap":{"0":{"name":"(anonymous_0)","decl":{"start":{"line":4,"column":2},"end":{"line":4,"column":3}},"loc":{"start":{"line":4,"column":39},"end":{"line":36,"column":3}},"line":4}},"branchMap":{"0":{"loc":{"start":{"line":6,"column":21},"end":{"line":6,"column":43}},"type":"binary-expr","locations":[{"start":{"line":6,"column":21},"end":{"line":6,"column":37}},{"start":{"line":6,"column":41},"end":{"line":6,"column":43}}],"line":6},"1":{"loc":{"start":{"line":8,"column":21},"end":{"line":8,"column":53}},"type":"binary-expr","locations":[{"start":{"line":8,"column":21},"end":{"line":8,"column":39}},{"start":{"line":8,"column":43},"end":{"line":8,"column":53}}],"line":8}},"s":{"0":4,"1":1,"2":1,"3":1,"4":1,"5":1,"6":1,"7":0,"8":1,"9":1,"10":4},"f":{"0":1},"b":{"0":[1,1],"1":[1,1]},"_coverageSchema":"1a1c01bbd47fc00a2c39e90264f33305004495a9","hash":"2b6315a2e7ea37455e990a35dc93b9b33974b407"}
,"C:\\Users\\User\\file\\wasteless\\server\\services\\app\\helpers\\nodemailer.js": {"path":"C:\\Users\\User\\file\\wasteless\\server\\services\\app\\helpers\\nodemailer.js","statementMap":{"0":{"start":{"line":1,"column":19},"end":{"line":1,"column":40}},"1":{"start":{"line":2,"column":22},"end":{"line":2,"column":58}},"2":{"start":{"line":5,"column":2},"end":{"line":26,"column":3}},"3":{"start":{"line":6,"column":22},"end":{"line":14,"column":5}},"4":{"start":{"line":15,"column":4},"end":{"line":23,"column":7}},"5":{"start":{"line":25,"column":4},"end":{"line":25,"column":51}},"6":{"start":{"line":29,"column":0},"end":{"line":29,"column":27}}},"fnMap":{"0":{"name":"SendEmail","decl":{"start":{"line":4,"column":15},"end":{"line":4,"column":24}},"loc":{"start":{"line":4,"column":42},"end":{"line":27,"column":1}},"line":4}},"branchMap":{},"s":{"0":4,"1":4,"2":4,"3":4,"4":4,"5":0,"6":4},"f":{"0":4},"b":{},"_coverageSchema":"1a1c01bbd47fc00a2c39e90264f33305004495a9","hash":"447e0376b285eb182d21a0778708678f2be7ec61"}
,"C:\\Users\\User\\file\\wasteless\\server\\services\\app\\models\\appointment.js": {"path":"C:\\Users\\User\\file\\wasteless\\server\\services\\app\\models\\appointment.js","statementMap":{"0":{"start":{"line":1,"column":17},"end":{"line":1,"column":36}},"1":{"start":{"line":2,"column":21},"end":{"line":2,"column":39}},"2":{"start":{"line":4,"column":26},"end":{"line":34,"column":2}},"3":{"start":{"line":36,"column":20},"end":{"line":36,"column":68}},"4":{"start":{"line":38,"column":0},"end":{"line":38,"column":29}}},"fnMap":{},"branchMap":{},"s":{"0":4,"1":4,"2":4,"3":4,"4":4},"f":{},"b":{},"_coverageSchema":"1a1c01bbd47fc00a2c39e90264f33305004495a9","hash":"731186908f656498bc4a0e537235f30f74f37cb0"}
,"C:\\Users\\User\\file\\wasteless\\server\\services\\app\\models\\category.js": {"path":"C:\\Users\\User\\file\\wasteless\\server\\services\\app\\models\\category.js","statementMap":{"0":{"start":{"line":1,"column":17},"end":{"line":1,"column":36}},"1":{"start":{"line":3,"column":23},"end":{"line":12,"column":2}},"2":{"start":{"line":14,"column":17},"end":{"line":14,"column":59}},"3":{"start":{"line":16,"column":0},"end":{"line":16,"column":26}}},"fnMap":{},"branchMap":{},"s":{"0":4,"1":4,"2":4,"3":4},"f":{},"b":{},"_coverageSchema":"1a1c01bbd47fc00a2c39e90264f33305004495a9","hash":"f19396a6fc02b13309780f68be6f8bd9c18ed3c9"}
,"C:\\Users\\User\\file\\wasteless\\server\\services\\app\\models\\post.js": {"path":"C:\\Users\\User\\file\\wasteless\\server\\services\\app\\models\\post.js","statementMap":{"0":{"start":{"line":1,"column":17},"end":{"line":1,"column":36}},"1":{"start":{"line":3,"column":19},"end":{"line":43,"column":2}},"2":{"start":{"line":45,"column":13},"end":{"line":45,"column":48}},"3":{"start":{"line":47,"column":0},"end":{"line":47,"column":22}}},"fnMap":{},"branchMap":{},"s":{"0":4,"1":4,"2":4,"3":4},"f":{},"b":{},"_coverageSchema":"1a1c01bbd47fc00a2c39e90264f33305004495a9","hash":"1a5e65e057f8fb9c04925028a53b64e32b60bd1e"}
,"C:\\Users\\User\\file\\wasteless\\server\\services\\app\\models\\slot.js": {"path":"C:\\Users\\User\\file\\wasteless\\server\\services\\app\\models\\slot.js","statementMap":{"0":{"start":{"line":1,"column":17},"end":{"line":1,"column":36}},"1":{"start":{"line":3,"column":19},"end":{"line":16,"column":2}},"2":{"start":{"line":18,"column":13},"end":{"line":18,"column":47}},"3":{"start":{"line":20,"column":0},"end":{"line":20,"column":22}}},"fnMap":{},"branchMap":{},"s":{"0":4,"1":4,"2":4,"3":4},"f":{},"b":{},"_coverageSchema":"1a1c01bbd47fc00a2c39e90264f33305004495a9","hash":"b990669d170286e9e49bfd9eca6bae55b6ad7434"}
,"C:\\Users\\User\\file\\wasteless\\server\\services\\app\\routes\\appointment.js": {"path":"C:\\Users\\User\\file\\wasteless\\server\\services\\app\\routes\\appointment.js","statementMap":{"0":{"start":{"line":1,"column":16},"end":{"line":1,"column":34}},"1":{"start":{"line":2,"column":15},"end":{"line":2,"column":31}},"2":{"start":{"line":4,"column":30},"end":{"line":4,"column":77}},"3":{"start":{"line":6,"column":0},"end":{"line":6,"column":54}},"4":{"start":{"line":7,"column":0},"end":{"line":7,"column":50}},"5":{"start":{"line":9,"column":0},"end":{"line":9,"column":24}}},"fnMap":{},"branchMap":{},"s":{"0":4,"1":4,"2":4,"3":4,"4":4,"5":4},"f":{},"b":{},"_coverageSchema":"1a1c01bbd47fc00a2c39e90264f33305004495a9","hash":"817eb65e407e168d99d65729d8f1e76f39dbaf47"}
,"C:\\Users\\User\\file\\wasteless\\server\\services\\app\\routes\\category.js": {"path":"C:\\Users\\User\\file\\wasteless\\server\\services\\app\\routes\\category.js","statementMap":{"0":{"start":{"line":1,"column":27},"end":{"line":1,"column":71}},"1":{"start":{"line":2,"column":15},"end":{"line":2,"column":42}},"2":{"start":{"line":4,"column":0},"end":{"line":4,"column":52}},"3":{"start":{"line":5,"column":0},"end":{"line":5,"column":49}},"4":{"start":{"line":6,"column":0},"end":{"line":6,"column":55}},"5":{"start":{"line":7,"column":0},"end":{"line":7,"column":56}},"6":{"start":{"line":8,"column":0},"end":{"line":8,"column":57}},"7":{"start":{"line":10,"column":0},"end":{"line":10,"column":24}}},"fnMap":{},"branchMap":{},"s":{"0":4,"1":4,"2":4,"3":4,"4":4,"5":4,"6":4,"7":4},"f":{},"b":{},"_coverageSchema":"1a1c01bbd47fc00a2c39e90264f33305004495a9","hash":"1a467532b2c153db21c7fe42236fd42191e9bd0c"}
,"C:\\Users\\User\\file\\wasteless\\server\\services\\app\\routes\\index.js": {"path":"C:\\Users\\User\\file\\wasteless\\server\\services\\app\\routes\\index.js","statementMap":{"0":{"start":{"line":1,"column":15},"end":{"line":1,"column":42}},"1":{"start":{"line":2,"column":13},"end":{"line":2,"column":30}},"2":{"start":{"line":3,"column":17},"end":{"line":3,"column":38}},"3":{"start":{"line":4,"column":15},"end":{"line":4,"column":34}},"4":{"start":{"line":5,"column":20},"end":{"line":5,"column":44}},"5":{"start":{"line":7,"column":0},"end":{"line":7,"column":27}},"6":{"start":{"line":8,"column":0},"end":{"line":8,"column":36}},"7":{"start":{"line":9,"column":0},"end":{"line":9,"column":30}},"8":{"start":{"line":10,"column":0},"end":{"line":10,"column":40}},"9":{"start":{"line":12,"column":0},"end":{"line":12,"column":24}}},"fnMap":{},"branchMap":{},"s":{"0":4,"1":4,"2":4,"3":4,"4":4,"5":4,"6":4,"7":4,"8":4,"9":4},"f":{},"b":{},"_coverageSchema":"1a1c01bbd47fc00a2c39e90264f33305004495a9","hash":"44b84278e7688cc3a5ca26997f35f7d9f2d6b832"}
,"C:\\Users\\User\\file\\wasteless\\server\\services\\app\\routes\\post.js": {"path":"C:\\Users\\User\\file\\wasteless\\server\\services\\app\\routes\\post.js","statementMap":{"0":{"start":{"line":1,"column":23},"end":{"line":1,"column":63}},"1":{"start":{"line":2,"column":15},"end":{"line":2,"column":42}},"2":{"start":{"line":4,"column":0},"end":{"line":4,"column":43}},"3":{"start":{"line":5,"column":0},"end":{"line":5,"column":44}},"4":{"start":{"line":6,"column":0},"end":{"line":6,"column":51}},"5":{"start":{"line":7,"column":0},"end":{"line":7,"column":52}},"6":{"start":{"line":8,"column":0},"end":{"line":8,"column":53}},"7":{"start":{"line":10,"column":0},"end":{"line":10,"column":24}}},"fnMap":{},"branchMap":{},"s":{"0":4,"1":4,"2":4,"3":4,"4":4,"5":4,"6":4,"7":4},"f":{},"b":{},"_coverageSchema":"1a1c01bbd47fc00a2c39e90264f33305004495a9","hash":"4740ff602b9078f30bf3712f571f40156297e399"}
,"C:\\Users\\User\\file\\wasteless\\server\\services\\app\\routes\\search.js": {"path":"C:\\Users\\User\\file\\wasteless\\server\\services\\app\\routes\\search.js","statementMap":{"0":{"start":{"line":1,"column":15},"end":{"line":1,"column":47}},"1":{"start":{"line":2,"column":15},"end":{"line":2,"column":42}},"2":{"start":{"line":4,"column":0},"end":{"line":4,"column":38}},"3":{"start":{"line":6,"column":0},"end":{"line":6,"column":24}}},"fnMap":{},"branchMap":{},"s":{"0":4,"1":4,"2":4,"3":4},"f":{},"b":{},"_coverageSchema":"1a1c01bbd47fc00a2c39e90264f33305004495a9","hash":"c1feb279754008d2e9fb7e3ce2b8529412473f1c"}
}
