TN:
SF:app.js
FNF:0
FNH:0
DA:1,4
DA:2,4
DA:3,4
DA:4,4
DA:6,4
DA:7,4
DA:8,4
DA:9,4
DA:11,4
LF:9
LH:9
BRF:0
BRH:0
end_of_record
TN:
SF:controllers\appointmentController.js
FN:7,(anonymous_0)
FN:39,(anonymous_1)
FN:45,(anonymous_2)
FNF:3
FNH:3
FNDA:4,(anonymous_0)
FNDA:1,(anonymous_1)
FNDA:2,(anonymous_2)
DA:1,4
DA:2,4
DA:3,4
DA:4,4
DA:8,4
DA:9,4
DA:11,4
DA:12,4
DA:14,4
DA:15,4
DA:17,4
DA:23,4
DA:25,4
DA:35,4
DA:37,4
DA:38,1
DA:39,1
DA:41,1
DA:43,1
DA:46,2
DA:47,2
DA:48,1
DA:52,4
LF:23
LH:23
BRF:0
BRH:0
end_of_record
TN:
SF:controllers\categoryController.js
FN:4,(anonymous_0)
FN:18,(anonymous_1)
FN:35,(anonymous_2)
FN:47,(anonymous_3)
FN:64,(anonymous_4)
FNF:5
FNH:5
FNDA:2,(anonymous_0)
FNDA:4,(anonymous_1)
FNDA:3,(anonymous_2)
FNDA:2,(anonymous_3)
FNDA:2,(anonymous_4)
DA:1,4
DA:5,2
DA:6,2
DA:7,2
DA:11,2
DA:12,1
DA:13,1
DA:15,1
DA:19,4
DA:20,4
DA:21,4
DA:22,2
DA:24,2
DA:28,2
DA:30,1
DA:32,1
DA:36,3
DA:37,3
DA:38,3
DA:39,2
DA:40,1
DA:42,1
DA:44,1
DA:48,2
DA:49,2
DA:50,2
DA:51,2
DA:52,1
DA:56,1
DA:59,1
DA:61,1
DA:65,2
DA:66,2
DA:67,2
DA:68,2
DA:71,1
DA:73,1
DA:78,4
LF:38
LH:38
BRDA:21,0,0,2
BRDA:21,0,1,2
BRDA:21,1,0,4
BRDA:21,1,1,3
BRDA:39,2,0,1
BRDA:39,2,1,1
BRF:6
BRH:6
end_of_record
TN:
SF:controllers\postController.js
FN:5,(anonymous_0)
FN:23,(anonymous_1)
FN:38,(anonymous_2)
FN:51,(anonymous_3)
FN:87,(anonymous_4)
FN:103,(anonymous_5)
FNF:6
FNH:5
FNDA:2,(anonymous_0)
FNDA:0,(anonymous_1)
FNDA:3,(anonymous_2)
FNDA:7,(anonymous_3)
FNDA:2,(anonymous_4)
FNDA:2,(anonymous_5)
DA:1,4
DA:2,4
DA:3,4
DA:6,2
DA:7,2
DA:8,2
DA:9,2
DA:10,0
DA:16,2
DA:18,2
DA:19,2
DA:21,1
DA:22,0
DA:24,0
DA:31,1
DA:33,1
DA:35,1
DA:39,3
DA:40,3
DA:41,3
DA:43,2
DA:44,1
DA:46,1
DA:48,1
DA:52,7
DA:63,7
DA:64,7
DA:65,7
DA:66,5
DA:69,2
DA:80,2
DA:81,1
DA:82,1
DA:84,1
DA:88,2
DA:89,2
DA:91,2
DA:92,1
DA:95,1
DA:98,1
DA:100,1
DA:104,2
DA:105,2
DA:106,2
DA:107,2
DA:110,1
DA:112,1
DA:117,4
LF:48
LH:45
BRDA:9,0,0,0
BRDA:9,0,1,2
BRDA:21,1,0,0
BRDA:21,1,1,1
BRDA:21,2,0,1
BRDA:21,2,1,1
BRDA:43,3,0,1
BRDA:43,3,1,1
BRDA:65,4,0,5
BRDA:65,4,1,2
BRDA:65,5,0,7
BRDA:65,5,1,6
BRDA:65,5,2,5
BRDA:65,5,3,4
BRDA:65,5,4,3
BRF:15
BRH:13
end_of_record
TN:
SF:controllers\search.js
FN:4,(anonymous_0)
FNF:1
FNH:1
FNDA:1,(anonymous_0)
DA:1,4
DA:5,1
DA:6,1
DA:7,1
DA:8,1
DA:10,1
DA:24,1
DA:31,0
DA:33,1
DA:34,1
DA:39,4
LF:11
LH:10
BRDA:6,0,0,1
BRDA:6,0,1,1
BRDA:8,1,0,1
BRDA:8,1,1,1
BRF:4
BRH:4
end_of_record
TN:
SF:helpers\nodemailer.js
FN:4,SendEmail
FNF:1
FNH:1
FNDA:4,SendEmail
DA:1,4
DA:2,4
DA:5,4
DA:6,4
DA:15,4
DA:25,0
DA:29,4
LF:7
LH:6
BRF:0
BRH:0
end_of_record
TN:
SF:models\appointment.js
FNF:0
FNH:0
DA:1,4
DA:2,4
DA:4,4
DA:36,4
DA:38,4
LF:5
LH:5
BRF:0
BRH:0
end_of_record
TN:
SF:models\category.js
FNF:0
FNH:0
DA:1,4
DA:3,4
DA:14,4
DA:16,4
LF:4
LH:4
BRF:0
BRH:0
end_of_record
TN:
SF:models\post.js
FNF:0
FNH:0
DA:1,4
DA:3,4
DA:45,4
DA:47,4
LF:4
LH:4
BRF:0
BRH:0
end_of_record
TN:
SF:models\slot.js
FNF:0
FNH:0
DA:1,4
DA:3,4
DA:18,4
DA:20,4
LF:4
LH:4
BRF:0
BRH:0
end_of_record
TN:
SF:routes\appointment.js
FNF:0
FNH:0
DA:1,4
DA:2,4
DA:4,4
DA:6,4
DA:7,4
DA:9,4
LF:6
LH:6
BRF:0
BRH:0
end_of_record
TN:
SF:routes\category.js
FNF:0
FNH:0
DA:1,4
DA:2,4
DA:4,4
DA:5,4
DA:6,4
DA:7,4
DA:8,4
DA:10,4
LF:8
LH:8
BRF:0
BRH:0
end_of_record
TN:
SF:routes\index.js
FNF:0
FNH:0
DA:1,4
DA:2,4
DA:3,4
DA:4,4
DA:5,4
DA:7,4
DA:8,4
DA:9,4
DA:10,4
DA:12,4
LF:10
LH:10
BRF:0
BRH:0
end_of_record
TN:
SF:routes\post.js
FNF:0
FNH:0
DA:1,4
DA:2,4
DA:4,4
DA:5,4
DA:6,4
DA:7,4
DA:8,4
DA:10,4
LF:8
LH:8
BRF:0
BRH:0
end_of_record
TN:
SF:routes\search.js
FNF:0
FNH:0
DA:1,4
DA:2,4
DA:4,4
DA:6,4
LF:4
LH:4
BRF:0
BRH:0
end_of_record
